<?xml version="1.0" encoding="UTF-8"?>
<!-- Generated by org.testng.reporters.JUnitReportReporter -->
<testsuite skipped="0" hostname="ThanvishRam" name="com.framework.testCases.TC_005_DD_All_Search" tests="1" failures="0" timestamp="2022-12-19T12:09:08 IST" time="116.824" errors="0">
  <testcase name="dd_With_Search" time="116.824" classname="com.framework.testCases.TC_005_DD_All_Search"/>
  <system-out/>
</testsuite> <!-- com.framework.testCases.TC_005_DD_All_Search -->
