<?xml version="1.0" encoding="UTF-8"?>
<!-- Generated by org.testng.reporters.JUnitReportReporter -->
<testsuite skipped="0" hostname="ThanvishRam" name="coreUtilities.Screenshot" tests="1" failures="0" timestamp="2022-12-06T17:25:48 IST" time="6.897" errors="0">
  <testcase name="caputureScreenShot" time="6.897" classname="coreUtilities.Screenshot"/>
  <system-out/>
</testsuite> <!-- coreUtilities.Screenshot -->
