<?xml version="1.0" encoding="UTF-8"?>
<!-- Generated by org.testng.reporters.JUnitReportReporter -->
<testsuite skipped="0" hostname="ThanvishRam" name="com.framework.testCases.TC_002_SearchProduct" tests="1" failures="0" timestamp="2022-12-19T14:35:24 IST" time="27.632" errors="0">
  <testcase name="searchProduct" time="27.632" classname="com.framework.testCases.TC_002_SearchProduct"/>
  <system-out/>
</testsuite> <!-- com.framework.testCases.TC_002_SearchProduct -->
