<?xml version="1.0" encoding="UTF-8"?>
<!-- Generated by org.testng.reporters.JUnitReportReporter -->
<testsuite hostname="ThanvishRam" failures="0" tests="1" name="com.framework.testCases.TC_001_AmazonLogin" time="13.204" errors="0" timestamp="2022-12-26T18:07:19 IST" skipped="0">
  <testcase classname="com.framework.testCases.TC_001_AmazonLogin" name="amazonLogIn" time="13.204"/>
  <system-out/>
</testsuite> <!-- com.framework.testCases.TC_001_AmazonLogin -->
