<?xml version="1.0" encoding="UTF-8"?>
<!-- Generated by org.testng.reporters.JUnitReportReporter -->
<testsuite skipped="0" hostname="ThanvishRam" name="com.framework.testCases.TC_003_AllDropdown" tests="1" failures="0" timestamp="2022-12-19T10:49:35 IST" time="107.629" errors="0">
  <testcase name="check_dropdown_All" time="107.629" classname="com.framework.testCases.TC_003_AllDropdown"/>
  <system-out/>
</testsuite> <!-- com.framework.testCases.TC_003_AllDropdown -->
