<?xml version="1.0" encoding="UTF-8"?>
<!-- Generated by org.testng.reporters.JUnitReportReporter -->
<testsuite skipped="0" hostname="ThanvishRam" name="com.framework.testCases.TC_006_MenuInHomePage" tests="1" failures="0" timestamp="2022-12-19T14:02:38 IST" time="36.285" errors="0">
  <testcase name="MenuCheckInHomePage" time="36.285" classname="com.framework.testCases.TC_006_MenuInHomePage"/>
  <system-out/>
</testsuite> <!-- com.framework.testCases.TC_006_MenuInHomePage -->
